[debug] [2021-07-07T07:40:46.942Z] ----------------------------------------------------------------------
[debug] [2021-07-07T07:40:46.944Z] Command:       /usr/bin/node /usr/bin/firebase deploy
[debug] [2021-07-07T07:40:46.945Z] CLI Version:   9.14.0
[debug] [2021-07-07T07:40:46.945Z] Platform:      linux
[debug] [2021-07-07T07:40:46.945Z] Node Version:  v12.22.1
[debug] [2021-07-07T07:40:46.946Z] Time:          Wed Jul 07 2021 13:10:46 GMT+0530 (India Standard Time)
[debug] [2021-07-07T07:40:46.946Z] ----------------------------------------------------------------------
[debug] 
[debug] [2021-07-07T07:40:46.954Z] > command requires scopes: ["email","openid","https://www.googleapis.com/auth/cloudplatformprojects.readonly","https://www.googleapis.com/auth/firebase","https://www.googleapis.com/auth/cloud-platform"]
[debug] [2021-07-07T07:40:46.955Z] > authorizing via signed-in user (johnbabu021@gmail.com)
[debug] [2021-07-07T07:40:46.955Z] [iam] checking project shoppingcart-7f922 for permissions ["firebase.projects.get","firebasehosting.sites.update"]
[debug] [2021-07-07T07:40:46.958Z] > refreshing access token with scopes: ["email","https://www.googleapis.com/auth/cloud-platform","https://www.googleapis.com/auth/cloudplatformprojects.readonly","https://www.googleapis.com/auth/firebase","openid"]
[debug] [2021-07-07T07:40:46.958Z] >>> HTTP REQUEST POST https://www.googleapis.com/oauth2/v3/token  
 <request body omitted>
[debug] [2021-07-07T07:40:47.493Z] <<< HTTP RESPONSE 200 {"expires":"Mon, 01 Jan 1990 00:00:00 GMT","date":"Wed, 07 Jul 2021 07:40:47 GMT","cache-control":"no-cache, no-store, max-age=0, must-revalidate","pragma":"no-cache","content-type":"application/json; charset=utf-8","vary":"X-Origin, Referer, Origin,Accept-Encoding","server":"scaffolding on HTTPServer2","x-xss-protection":"0","x-frame-options":"SAMEORIGIN","x-content-type-options":"nosniff","alt-svc":"h3=\":443\"; ma=2592000,h3-29=\":443\"; ma=2592000,h3-T051=\":443\"; ma=2592000,h3-Q050=\":443\"; ma=2592000,h3-Q046=\":443\"; ma=2592000,h3-Q043=\":443\"; ma=2592000,quic=\":443\"; ma=2592000; v=\"46,43\"","accept-ranges":"none","transfer-encoding":"chunked"}
[debug] [2021-07-07T07:40:47.573Z] >>> HTTP REQUEST POST https://cloudresourcemanager.googleapis.com/v1/projects/shoppingcart-7f922:testIamPermissions  
 {"permissions":["firebase.projects.get","firebasehosting.sites.update"]}
[debug] [2021-07-07T07:40:49.504Z] <<< HTTP RESPONSE 200 {"content-type":"application/json; charset=UTF-8","vary":"X-Origin, Referer, Origin,Accept-Encoding","date":"Wed, 07 Jul 2021 07:40:49 GMT","server":"ESF","cache-control":"private","x-xss-protection":"0","x-frame-options":"SAMEORIGIN","x-content-type-options":"nosniff","server-timing":"gfet4t7; dur=1167","alt-svc":"h3=\":443\"; ma=2592000,h3-29=\":443\"; ma=2592000,h3-T051=\":443\"; ma=2592000,h3-Q050=\":443\"; ma=2592000,h3-Q046=\":443\"; ma=2592000,h3-Q043=\":443\"; ma=2592000,quic=\":443\"; ma=2592000; v=\"46,43\"","accept-ranges":"none","transfer-encoding":"chunked"}
[debug] [2021-07-07T07:40:49.508Z] > refreshing access token with scopes: []
[debug] [2021-07-07T07:40:49.508Z] >>> HTTP REQUEST POST https://www.googleapis.com/oauth2/v3/token  
 <request body omitted>
[debug] [2021-07-07T07:40:50.016Z] <<< HTTP RESPONSE 200 {"date":"Wed, 07 Jul 2021 07:40:49 GMT","cache-control":"no-cache, no-store, max-age=0, must-revalidate","expires":"Mon, 01 Jan 1990 00:00:00 GMT","pragma":"no-cache","content-type":"application/json; charset=utf-8","vary":"X-Origin, Referer, Origin,Accept-Encoding","server":"scaffolding on HTTPServer2","x-xss-protection":"0","x-frame-options":"SAMEORIGIN","x-content-type-options":"nosniff","alt-svc":"h3=\":443\"; ma=2592000,h3-29=\":443\"; ma=2592000,h3-T051=\":443\"; ma=2592000,h3-Q050=\":443\"; ma=2592000,h3-Q046=\":443\"; ma=2592000,h3-Q043=\":443\"; ma=2592000,quic=\":443\"; ma=2592000; v=\"46,43\"","accept-ranges":"none","transfer-encoding":"chunked"}
[debug] [2021-07-07T07:40:50.342Z] >>> [apiv2][query] GET https://firebase.googleapis.com/v1beta1/projects/shoppingcart-7f922 [none]
[debug] [2021-07-07T07:40:51.153Z] <<< [apiv2][status] GET https://firebase.googleapis.com/v1beta1/projects/shoppingcart-7f922 200
[debug] [2021-07-07T07:40:51.153Z] <<< [apiv2][body] GET https://firebase.googleapis.com/v1beta1/projects/shoppingcart-7f922 {"projectId":"shoppingcart-7f922","projectNumber":"852473201183","displayName":"shoppingcart","name":"projects/shoppingcart-7f922","resources":{"hostingSite":"shoppingcart-7f922","storageBucket":"shoppingcart-7f922.appspot.com","locationId":"us-west4"},"state":"ACTIVE"}
[info] 
[info] === Deploying to 'shoppingcart-7f922'...
[info] 
[info] i  deploying hosting 
[debug] [2021-07-07T07:40:51.159Z] > refreshing access token with scopes: ["email","https://www.googleapis.com/auth/cloud-platform","https://www.googleapis.com/auth/cloudplatformprojects.readonly","https://www.googleapis.com/auth/firebase","openid"]
[debug] [2021-07-07T07:40:51.159Z] >>> HTTP REQUEST POST https://www.googleapis.com/oauth2/v3/token  
 <request body omitted>
[debug] [2021-07-07T07:40:51.597Z] <<< HTTP RESPONSE 200 {"expires":"Mon, 01 Jan 1990 00:00:00 GMT","date":"Wed, 07 Jul 2021 07:40:51 GMT","cache-control":"no-cache, no-store, max-age=0, must-revalidate","pragma":"no-cache","content-type":"application/json; charset=utf-8","vary":"X-Origin, Referer, Origin,Accept-Encoding","server":"scaffolding on HTTPServer2","x-xss-protection":"0","x-frame-options":"SAMEORIGIN","x-content-type-options":"nosniff","alt-svc":"h3=\":443\"; ma=2592000,h3-29=\":443\"; ma=2592000,h3-T051=\":443\"; ma=2592000,h3-Q050=\":443\"; ma=2592000,h3-Q046=\":443\"; ma=2592000,h3-Q043=\":443\"; ma=2592000,quic=\":443\"; ma=2592000; v=\"46,43\"","accept-ranges":"none","transfer-encoding":"chunked"}
[debug] [2021-07-07T07:40:51.680Z] >>> HTTP REQUEST POST https://firebasehosting.googleapis.com/v1beta1/sites/shoppingcart-7f922/versions  
 {"config":{"rewrites":[{"glob":"**","path":"/index.html"}]},"labels":{"deployment-tool":"cli-firebase"}}
[debug] [2021-07-07T07:40:54.010Z] <<< HTTP RESPONSE 200 {"content-type":"application/json; charset=UTF-8","vary":"X-Origin, Referer, Origin,Accept-Encoding","date":"Wed, 07 Jul 2021 07:40:53 GMT","server":"ESF","cache-control":"private","x-xss-protection":"0","x-frame-options":"SAMEORIGIN","x-content-type-options":"nosniff","alt-svc":"h3=\":443\"; ma=2592000,h3-29=\":443\"; ma=2592000,h3-T051=\":443\"; ma=2592000,h3-Q050=\":443\"; ma=2592000,h3-Q046=\":443\"; ma=2592000,h3-Q043=\":443\"; ma=2592000,quic=\":443\"; ma=2592000; v=\"46,43\"","accept-ranges":"none","transfer-encoding":"chunked"}
[info] i  hosting[shoppingcart-7f922]: beginning deploy... 
[info] i  hosting[shoppingcart-7f922]: found 57 files in build 
[debug] [2021-07-07T07:40:54.063Z] > refreshing access token with scopes: []
[debug] [2021-07-07T07:40:54.064Z] >>> HTTP REQUEST POST https://www.googleapis.com/oauth2/v3/token  
 <request body omitted>
[debug] [2021-07-07T07:40:54.066Z] [hosting] hash cache [YnVpbGQ] stored for 57 files
[debug] [2021-07-07T07:40:54.066Z] [hosting][hash queue][FINAL] {"max":6,"min":1,"avg":1,"active":0,"complete":57,"success":57,"errored":0,"retried":0,"total":57,"elapsed":12}
[debug] [2021-07-07T07:40:54.509Z] <<< HTTP RESPONSE 200 {"cache-control":"no-cache, no-store, max-age=0, must-revalidate","date":"Wed, 07 Jul 2021 07:40:54 GMT","pragma":"no-cache","expires":"Mon, 01 Jan 1990 00:00:00 GMT","content-type":"application/json; charset=utf-8","vary":"X-Origin, Referer, Origin,Accept-Encoding","server":"scaffolding on HTTPServer2","x-xss-protection":"0","x-frame-options":"SAMEORIGIN","x-content-type-options":"nosniff","alt-svc":"h3=\":443\"; ma=2592000,h3-29=\":443\"; ma=2592000,h3-T051=\":443\"; ma=2592000,h3-Q050=\":443\"; ma=2592000,h3-Q046=\":443\"; ma=2592000,h3-Q043=\":443\"; ma=2592000,quic=\":443\"; ma=2592000; v=\"46,43\"","accept-ranges":"none","transfer-encoding":"chunked"}
[debug] [2021-07-07T07:40:54.581Z] >>> [apiv2][query] POST https://firebasehosting.googleapis.com/v1beta1/sites/shoppingcart-7f922/versions/c028be59acb663df:populateFiles [none]
[debug] [2021-07-07T07:40:54.581Z] >>> [apiv2][body] POST https://firebasehosting.googleapis.com/v1beta1/sites/shoppingcart-7f922/versions/c028be59acb663df:populateFiles {"files":{"/asset-manifest.json":"19879f53ed84e413947e33cc1397f08fe2797b9bb79b52e7bbf89d633a86aeaf","/favicon.ico":"d4b1851e7c100b8f827594c8514b28702c8f597f17379ddb4a30c177a9424b11","/index.html":"44c0b7f850013e851d8170c84565ed8c657b4bdc5422fd6bac742c5a5e97b987","/manifest.json":"ed7b98046be74c7d1476b73ebb8cd1f00c2b34443af1525af60b9dd20be9fb9a","/robots.txt":"2544ca049f223a42bff01f72ad930a5edba75bbb7199d0f8430a02ff5aca16ec","/images/Tshirt.jpg":"01e8e850c795fbcba4dac2ab55904bfd4a43ead3781192089c0439f5de47c26c","/images/addtocart.jpg":"818f8fb12517044069b0a852b009a943be79fde9e26f26d1949a73c21bea1630","/images/aykut-aktas-Dy4-Fer7zwc-unsplash.jpg":"919f0e3ac57d2cf8a6ba14149b9acfcacc9b41e2ad0c0c1e06c2b5e5be8e1950","/images/churidhar.jpg":"c275d62c1446bf2bc0b92b8f8339d83a3ae71f84ca873a6cf4e34b1500184adc","/images/ezequiel-garrido-89qVy2tO0Kw-unsplash.jpg":"0eb9b74c15e4f25f0436cbde9caae5ccf333b0e6f37050220e20a23a77e73e46","/images/girls.jpeg":"8aef31ad9a3b8244136684df32eaae651774661521f3ee0bc0b27ad6aef837b0","/images/kurtha.jpg":"de5faaf6b6684786aa13014e0da02633a50c5130fd762f49d89979324ffffc62","/images/logo.png":"d4b1851e7c100b8f827594c8514b28702c8f597f17379ddb4a30c177a9424b11","/images/michael-dam-mEZ3PoFGs_k-unsplash.jpg":"c5795ed9b9092b986492870a8674a544c189db09cae44ed16ad6c64164b7ab7a","/images/model.jpg":"5305133938038a5669718a62d79824448823911f3de47473efda4ad485f3c5d7","/images/pant.jpg":"213084b21e8d748c107f4ce9038809ca3f40fc861ba6c04f31decbd5f08eeb57","/images/saree.jpg":"97f20e6ec297c2410bcc5916705aa37b37a8a8f75759467ab04ade5ba83b71ec","/images/shirt.jpg":"1b1009e25455da6c7fd01a725a5422792e42197ed28cbde54497e809cffe5243","/images/taylor-Xqb7GmV_VoQ-unsplash.jpg":"1a674baa1f3541e4f01ebf22748e79e6dbbb08852a9b20e355786aac9460ec6d","/static/css/10.d7ea87d7.chunk.css":"aae7304fda87d328162061825c523157ace3ca888329ade691c17a293241be54","/static/css/10.d7ea87d7.chunk.css.map":"fa12ae62413fa7c407b3bb67de070cd14299453d24d13d45f788a674095f1707","/static/css/5.a5b236b5.chunk.css":"5c10ffbb6a4f381173ab58a54ae2d4248d56aa111af962287e486e52ae68dcf6","/static/css/5.a5b236b5.chunk.css.map":"c19ee16bf3f7097f45897fc5f0037b22b0239c160a4fad17faa0f5f0a03370fa","/static/css/6.4f830b45.chunk.css":"d7b14b0ba8ed0ddfe2ec6d3d64e4d29c28c570c92498f5b4fe0f83dcacf3af38","/static/css/6.4f830b45.chunk.css.map":"49acaec7a761e6298b9a52c3b0d861d31c24f3c529bf62cfe0e7c9c75fba31dd","/static/css/7.d7ea87d7.chunk.css":"9b9469bdfc2e131a6e2ef265a256d18d322bc88242eeab294b5b5432fa4aeb15","/static/css/7.d7ea87d7.chunk.css.map":"e6394a279a686d5517ef41387ffe64bbdd1746c505d0be105880ee10473d076e","/static/css/8.d7ea87d7.chunk.css":"0e7c34c2f180095ea9eeaf9efeeb648fec233c5c1bd4f5df07ddff23b97765b9","/static/css/8.d7ea87d7.chunk.css.map":"ba6624fe515c03fd9d1f3ed1434903852d83ffb833f357536e9ea8aadce47e38","/static/css/9.d7ea87d7.chunk.css":"2b5dbb30b1cae4f2b4e778c59941a887f9ee0718221f4aa408e58357aa019428","/static/css/9.d7ea87d7.chunk.css.map":"a6c2d5b609fcdadf638154ac07ae176798a415a1f34c1d7ae57cdd1f8938023e","/static/css/main.51175a5b.chunk.css":"038ef47f66030f0bed810deb72d76efd59b11a28994abbee2c145c8744dee335","/static/css/main.51175a5b.chunk.css.map":"ff540a3384d9912745928424060bebc4a4aba20c44b048e0f2f9755992d3d5c2","/static/js/0.3f18f62c.chunk.js":"b1bad71a60fbb906f312f0ce0e49798a284de21f9351bc89402c59e599bcc3d9","/static/js/0.3f18f62c.chunk.js.LICENSE.txt":"62280567af86704c003f89e8c9d20db3b3db4ff77faaf97b1b48a22e3e7764c2","/static/js/0.3f18f62c.chunk.js.map":"90d1e0bc60cf9c6216fdb214870ebb90ee271835fdf9da6fdaccfb402f4dc268","/static/js/1.0d71828c.chunk.js":"3d2799d2244275e38ec127704fb1c00ea60a88b5485a4f81f61fdd8969a7c9fd","/static/js/1.0d71828c.chunk.js.map":"b4662dfabf149c77e7834d9f7fb18d85359555ad5453853aa0fd6b8aaf52be31","/static/js/10.cb78844d.chunk.js":"2dcb060e6a1e72308d833faddf18129746d44cfd36bd4c880f61adf72ace1167","/static/js/10.cb78844d.chunk.js.map":"55dc396b9f45a7c587ac58b6c418fdfaaf0849601de047224b36daeedbefbddb","/static/js/4.3fe5ae61.chunk.js":"cd54eeac27930ac65f7d930e7c3e73ad84ce02aa2acc28b5fe558c71c23831e5","/static/js/4.3fe5ae61.chunk.js.LICENSE.txt":"e6e41a5bafdd9892c5078e3ae4678f11fa7aef8b1f2455e21a38ba4a464c7c99","/static/js/4.3fe5ae61.chunk.js.map":"96aad3f4ad46a0007334f5e2bcb6fd7c1e452bf6f35539c187b6c8655636a196","/static/js/5.7a67d821.chunk.js":"89b306babcc3637ad913634c54811910c11ff7e7e26436b3296421edac88f0ae","/static/js/5.7a67d821.chunk.js.map":"f42304d3a8451f3b0c149b648827a7a516607b585bd564d0e5773deda1f8e8cf","/static/js/6.734ffa12.chunk.js":"66ff38605b85c65bac3d522969895d829bbf9bb3404b526793bc7d693dc2b7dd","/static/js/6.734ffa12.chunk.js.map":"c3005692b6fe465eb0c85440750e85e4fe576aaa88119b92e129635cf7ef1c96","/static/js/7.e42f6884.chunk.js":"1c117e48938c2d1ec79f5a5e5b70575b4cd3a209712607320fdbf84adb1e6b86","/static/js/7.e42f6884.chunk.js.map":"66ed72458c8c015b1e80b120d99008da0b0afb3b81d296daa6f04aad5a71b660","/static/js/8.399695f7.chunk.js":"bfc049887740165b4cf8791413e806a0b35bab050420e5eb6ba63fe83d3f5c80","/static/js/8.399695f7.chunk.js.map":"24f5fb99341402d78790acbc2aa6afd3e05f75ce2c2cf637d5d61dd6c87bc98f","/static/js/9.0a408eaa.chunk.js":"307b213d02d6afebeedc93f3cc26a8963d6878a4884e9ca1452c15e2c3874074","/static/js/9.0a408eaa.chunk.js.map":"5267e02cdcb96d90717b4dfb371021168ab8ed88c7b5e979829fee7cabffd6a0","/static/js/main.65792ace.chunk.js":"f318d072de432618bca3cdfa6a33f7d592f829c9d439735548eff1d2d7b71e7e","/static/js/main.65792ace.chunk.js.map":"a30fd890c8738cde5dc3afa6620fba7320e7cb443e848ec711c5a03448598417","/static/js/runtime-main.ad877764.js":"376f01a69c03b1d1abda721d2a5922093246a48622112a40fe9fdbbb7c9158d7","/static/js/runtime-main.ad877764.js.map":"b6ce76ef13818f78a703909d8e67b3594cced17ba79948f2f98c16766564b245"}}
[debug] [2021-07-07T07:40:56.674Z] <<< [apiv2][status] POST https://firebasehosting.googleapis.com/v1beta1/sites/shoppingcart-7f922/versions/c028be59acb663df:populateFiles 200
[debug] [2021-07-07T07:40:56.675Z] <<< [apiv2][body] POST https://firebasehosting.googleapis.com/v1beta1/sites/shoppingcart-7f922/versions/c028be59acb663df:populateFiles {"uploadRequiredHashes":["0eb9b74c15e4f25f0436cbde9caae5ccf333b0e6f37050220e20a23a77e73e46","01e8e850c795fbcba4dac2ab55904bfd4a43ead3781192089c0439f5de47c26c","5305133938038a5669718a62d79824448823911f3de47473efda4ad485f3c5d7","c5795ed9b9092b986492870a8674a544c189db09cae44ed16ad6c64164b7ab7a","97f20e6ec297c2410bcc5916705aa37b37a8a8f75759467ab04ade5ba83b71ec","213084b21e8d748c107f4ce9038809ca3f40fc861ba6c04f31decbd5f08eeb57","de5faaf6b6684786aa13014e0da02633a50c5130fd762f49d89979324ffffc62","1a674baa1f3541e4f01ebf22748e79e6dbbb08852a9b20e355786aac9460ec6d","919f0e3ac57d2cf8a6ba14149b9acfcacc9b41e2ad0c0c1e06c2b5e5be8e1950"],"uploadUrl":"https://upload-firebasehosting.googleapis.com/upload/sites/shoppingcart-7f922/versions/c028be59acb663df/files"}
[debug] [2021-07-07T07:40:56.681Z] >>> [apiv2][query] POST https://upload-firebasehosting.googleapis.com/upload/sites/shoppingcart-7f922/versions/c028be59acb663df/files/0eb9b74c15e4f25f0436cbde9caae5ccf333b0e6f37050220e20a23a77e73e46 [none]
[debug] [2021-07-07T07:40:56.681Z] >>> [apiv2][body] POST https://upload-firebasehosting.googleapis.com/upload/sites/shoppingcart-7f922/versions/c028be59acb663df/files/0eb9b74c15e4f25f0436cbde9caae5ccf333b0e6f37050220e20a23a77e73e46 [stream]
[debug] [2021-07-07T07:40:56.683Z] >>> [apiv2][query] POST https://upload-firebasehosting.googleapis.com/upload/sites/shoppingcart-7f922/versions/c028be59acb663df/files/01e8e850c795fbcba4dac2ab55904bfd4a43ead3781192089c0439f5de47c26c [none]
[debug] [2021-07-07T07:40:56.683Z] >>> [apiv2][body] POST https://upload-firebasehosting.googleapis.com/upload/sites/shoppingcart-7f922/versions/c028be59acb663df/files/01e8e850c795fbcba4dac2ab55904bfd4a43ead3781192089c0439f5de47c26c [stream]
[debug] [2021-07-07T07:40:56.684Z] >>> [apiv2][query] POST https://upload-firebasehosting.googleapis.com/upload/sites/shoppingcart-7f922/versions/c028be59acb663df/files/5305133938038a5669718a62d79824448823911f3de47473efda4ad485f3c5d7 [none]
[debug] [2021-07-07T07:40:56.685Z] >>> [apiv2][body] POST https://upload-firebasehosting.googleapis.com/upload/sites/shoppingcart-7f922/versions/c028be59acb663df/files/5305133938038a5669718a62d79824448823911f3de47473efda4ad485f3c5d7 [stream]
[debug] [2021-07-07T07:40:56.686Z] >>> [apiv2][query] POST https://upload-firebasehosting.googleapis.com/upload/sites/shoppingcart-7f922/versions/c028be59acb663df/files/c5795ed9b9092b986492870a8674a544c189db09cae44ed16ad6c64164b7ab7a [none]
[debug] [2021-07-07T07:40:56.686Z] >>> [apiv2][body] POST https://upload-firebasehosting.googleapis.com/upload/sites/shoppingcart-7f922/versions/c028be59acb663df/files/c5795ed9b9092b986492870a8674a544c189db09cae44ed16ad6c64164b7ab7a [stream]
[debug] [2021-07-07T07:40:56.687Z] >>> [apiv2][query] POST https://upload-firebasehosting.googleapis.com/upload/sites/shoppingcart-7f922/versions/c028be59acb663df/files/97f20e6ec297c2410bcc5916705aa37b37a8a8f75759467ab04ade5ba83b71ec [none]
[debug] [2021-07-07T07:40:56.687Z] >>> [apiv2][body] POST https://upload-firebasehosting.googleapis.com/upload/sites/shoppingcart-7f922/versions/c028be59acb663df/files/97f20e6ec297c2410bcc5916705aa37b37a8a8f75759467ab04ade5ba83b71ec [stream]
[debug] [2021-07-07T07:40:56.688Z] >>> [apiv2][query] POST https://upload-firebasehosting.googleapis.com/upload/sites/shoppingcart-7f922/versions/c028be59acb663df/files/213084b21e8d748c107f4ce9038809ca3f40fc861ba6c04f31decbd5f08eeb57 [none]
[debug] [2021-07-07T07:40:56.688Z] >>> [apiv2][body] POST https://upload-firebasehosting.googleapis.com/upload/sites/shoppingcart-7f922/versions/c028be59acb663df/files/213084b21e8d748c107f4ce9038809ca3f40fc861ba6c04f31decbd5f08eeb57 [stream]
[debug] [2021-07-07T07:40:56.689Z] >>> [apiv2][query] POST https://upload-firebasehosting.googleapis.com/upload/sites/shoppingcart-7f922/versions/c028be59acb663df/files/de5faaf6b6684786aa13014e0da02633a50c5130fd762f49d89979324ffffc62 [none]
[debug] [2021-07-07T07:40:56.689Z] >>> [apiv2][body] POST https://upload-firebasehosting.googleapis.com/upload/sites/shoppingcart-7f922/versions/c028be59acb663df/files/de5faaf6b6684786aa13014e0da02633a50c5130fd762f49d89979324ffffc62 [stream]
[debug] [2021-07-07T07:40:56.690Z] >>> [apiv2][query] POST https://upload-firebasehosting.googleapis.com/upload/sites/shoppingcart-7f922/versions/c028be59acb663df/files/1a674baa1f3541e4f01ebf22748e79e6dbbb08852a9b20e355786aac9460ec6d [none]
[debug] [2021-07-07T07:40:56.690Z] >>> [apiv2][body] POST https://upload-firebasehosting.googleapis.com/upload/sites/shoppingcart-7f922/versions/c028be59acb663df/files/1a674baa1f3541e4f01ebf22748e79e6dbbb08852a9b20e355786aac9460ec6d [stream]
[debug] [2021-07-07T07:40:56.696Z] >>> [apiv2][query] POST https://upload-firebasehosting.googleapis.com/upload/sites/shoppingcart-7f922/versions/c028be59acb663df/files/919f0e3ac57d2cf8a6ba14149b9acfcacc9b41e2ad0c0c1e06c2b5e5be8e1950 [none]
[debug] [2021-07-07T07:40:56.697Z] >>> [apiv2][body] POST https://upload-firebasehosting.googleapis.com/upload/sites/shoppingcart-7f922/versions/c028be59acb663df/files/919f0e3ac57d2cf8a6ba14149b9acfcacc9b41e2ad0c0c1e06c2b5e5be8e1950 [stream]
[debug] [2021-07-07T07:40:56.699Z] [hosting][populate queue][FINAL] {"max":2618,"min":2618,"avg":2618,"active":0,"complete":1,"success":1,"errored":0,"retried":0,"total":1,"elapsed":2637}
[debug] [2021-07-07T07:40:56.699Z] [hosting] uploads queued: 9
[debug] [2021-07-07T07:41:27.082Z] [uploadQueue] Retrying task 5305133938038a5669718a62d79824448823911f3de47473efda4ad485f3c5d7
[debug] [2021-07-07T07:41:27.083Z] >>> [apiv2][query] POST https://upload-firebasehosting.googleapis.com/upload/sites/shoppingcart-7f922/versions/c028be59acb663df/files/5305133938038a5669718a62d79824448823911f3de47473efda4ad485f3c5d7 [none]
[debug] [2021-07-07T07:41:27.083Z] >>> [apiv2][body] POST https://upload-firebasehosting.googleapis.com/upload/sites/shoppingcart-7f922/versions/c028be59acb663df/files/5305133938038a5669718a62d79824448823911f3de47473efda4ad485f3c5d7 [stream]
[debug] [2021-07-07T07:41:27.086Z] [uploadQueue] Retrying task c5795ed9b9092b986492870a8674a544c189db09cae44ed16ad6c64164b7ab7a
[debug] [2021-07-07T07:41:27.087Z] >>> [apiv2][query] POST https://upload-firebasehosting.googleapis.com/upload/sites/shoppingcart-7f922/versions/c028be59acb663df/files/c5795ed9b9092b986492870a8674a544c189db09cae44ed16ad6c64164b7ab7a [none]
[debug] [2021-07-07T07:41:27.087Z] >>> [apiv2][body] POST https://upload-firebasehosting.googleapis.com/upload/sites/shoppingcart-7f922/versions/c028be59acb663df/files/c5795ed9b9092b986492870a8674a544c189db09cae44ed16ad6c64164b7ab7a [stream]
[debug] [2021-07-07T07:41:27.089Z] [uploadQueue] Retrying task 919f0e3ac57d2cf8a6ba14149b9acfcacc9b41e2ad0c0c1e06c2b5e5be8e1950
[debug] [2021-07-07T07:41:27.089Z] >>> [apiv2][query] POST https://upload-firebasehosting.googleapis.com/upload/sites/shoppingcart-7f922/versions/c028be59acb663df/files/919f0e3ac57d2cf8a6ba14149b9acfcacc9b41e2ad0c0c1e06c2b5e5be8e1950 [none]
[debug] [2021-07-07T07:41:27.090Z] >>> [apiv2][body] POST https://upload-firebasehosting.googleapis.com/upload/sites/shoppingcart-7f922/versions/c028be59acb663df/files/919f0e3ac57d2cf8a6ba14149b9acfcacc9b41e2ad0c0c1e06c2b5e5be8e1950 [stream]
[debug] [2021-07-07T07:41:32.538Z] [uploadQueue] Retrying task 01e8e850c795fbcba4dac2ab55904bfd4a43ead3781192089c0439f5de47c26c
[debug] [2021-07-07T07:41:32.539Z] >>> [apiv2][query] POST https://upload-firebasehosting.googleapis.com/upload/sites/shoppingcart-7f922/versions/c028be59acb663df/files/01e8e850c795fbcba4dac2ab55904bfd4a43ead3781192089c0439f5de47c26c [none]
[debug] [2021-07-07T07:41:32.539Z] >>> [apiv2][body] POST https://upload-firebasehosting.googleapis.com/upload/sites/shoppingcart-7f922/versions/c028be59acb663df/files/01e8e850c795fbcba4dac2ab55904bfd4a43ead3781192089c0439f5de47c26c [stream]
[debug] [2021-07-07T07:41:32.857Z] [uploadQueue] Retrying task 0eb9b74c15e4f25f0436cbde9caae5ccf333b0e6f37050220e20a23a77e73e46
[debug] [2021-07-07T07:41:32.858Z] >>> [apiv2][query] POST https://upload-firebasehosting.googleapis.com/upload/sites/shoppingcart-7f922/versions/c028be59acb663df/files/0eb9b74c15e4f25f0436cbde9caae5ccf333b0e6f37050220e20a23a77e73e46 [none]
[debug] [2021-07-07T07:41:32.858Z] >>> [apiv2][body] POST https://upload-firebasehosting.googleapis.com/upload/sites/shoppingcart-7f922/versions/c028be59acb663df/files/0eb9b74c15e4f25f0436cbde9caae5ccf333b0e6f37050220e20a23a77e73e46 [stream]
[debug] [2021-07-07T07:41:34.260Z] [uploadQueue] Retrying task 97f20e6ec297c2410bcc5916705aa37b37a8a8f75759467ab04ade5ba83b71ec
[debug] [2021-07-07T07:41:34.261Z] >>> [apiv2][query] POST https://upload-firebasehosting.googleapis.com/upload/sites/shoppingcart-7f922/versions/c028be59acb663df/files/97f20e6ec297c2410bcc5916705aa37b37a8a8f75759467ab04ade5ba83b71ec [none]
[debug] [2021-07-07T07:41:34.261Z] >>> [apiv2][body] POST https://upload-firebasehosting.googleapis.com/upload/sites/shoppingcart-7f922/versions/c028be59acb663df/files/97f20e6ec297c2410bcc5916705aa37b37a8a8f75759467ab04ade5ba83b71ec [stream]
[debug] [2021-07-07T07:41:37.020Z] [uploadQueue] Retrying task 213084b21e8d748c107f4ce9038809ca3f40fc861ba6c04f31decbd5f08eeb57
[debug] [2021-07-07T07:41:37.021Z] >>> [apiv2][query] POST https://upload-firebasehosting.googleapis.com/upload/sites/shoppingcart-7f922/versions/c028be59acb663df/files/213084b21e8d748c107f4ce9038809ca3f40fc861ba6c04f31decbd5f08eeb57 [none]
[debug] [2021-07-07T07:41:37.022Z] >>> [apiv2][body] POST https://upload-firebasehosting.googleapis.com/upload/sites/shoppingcart-7f922/versions/c028be59acb663df/files/213084b21e8d748c107f4ce9038809ca3f40fc861ba6c04f31decbd5f08eeb57 [stream]
[debug] [2021-07-07T07:41:54.761Z] [uploadQueue] Retrying task 1a674baa1f3541e4f01ebf22748e79e6dbbb08852a9b20e355786aac9460ec6d
[debug] [2021-07-07T07:41:54.762Z] >>> [apiv2][query] POST https://upload-firebasehosting.googleapis.com/upload/sites/shoppingcart-7f922/versions/c028be59acb663df/files/1a674baa1f3541e4f01ebf22748e79e6dbbb08852a9b20e355786aac9460ec6d [none]
[debug] [2021-07-07T07:41:54.762Z] >>> [apiv2][body] POST https://upload-firebasehosting.googleapis.com/upload/sites/shoppingcart-7f922/versions/c028be59acb663df/files/1a674baa1f3541e4f01ebf22748e79e6dbbb08852a9b20e355786aac9460ec6d [stream]
[debug] [2021-07-07T07:41:57.883Z] [uploadQueue] Retrying task 5305133938038a5669718a62d79824448823911f3de47473efda4ad485f3c5d7
[debug] [2021-07-07T07:41:57.884Z] >>> [apiv2][query] POST https://upload-firebasehosting.googleapis.com/upload/sites/shoppingcart-7f922/versions/c028be59acb663df/files/5305133938038a5669718a62d79824448823911f3de47473efda4ad485f3c5d7 [none]
[debug] [2021-07-07T07:41:57.885Z] >>> [apiv2][body] POST https://upload-firebasehosting.googleapis.com/upload/sites/shoppingcart-7f922/versions/c028be59acb663df/files/5305133938038a5669718a62d79824448823911f3de47473efda4ad485f3c5d7 [stream]
[debug] [2021-07-07T07:41:57.887Z] [uploadQueue] Retrying task c5795ed9b9092b986492870a8674a544c189db09cae44ed16ad6c64164b7ab7a
[debug] [2021-07-07T07:41:57.888Z] >>> [apiv2][query] POST https://upload-firebasehosting.googleapis.com/upload/sites/shoppingcart-7f922/versions/c028be59acb663df/files/c5795ed9b9092b986492870a8674a544c189db09cae44ed16ad6c64164b7ab7a [none]
[debug] [2021-07-07T07:41:57.889Z] >>> [apiv2][body] POST https://upload-firebasehosting.googleapis.com/upload/sites/shoppingcart-7f922/versions/c028be59acb663df/files/c5795ed9b9092b986492870a8674a544c189db09cae44ed16ad6c64164b7ab7a [stream]
[debug] [2021-07-07T07:41:57.891Z] [uploadQueue] Retrying task 919f0e3ac57d2cf8a6ba14149b9acfcacc9b41e2ad0c0c1e06c2b5e5be8e1950
[debug] [2021-07-07T07:41:57.892Z] >>> [apiv2][query] POST https://upload-firebasehosting.googleapis.com/upload/sites/shoppingcart-7f922/versions/c028be59acb663df/files/919f0e3ac57d2cf8a6ba14149b9acfcacc9b41e2ad0c0c1e06c2b5e5be8e1950 [none]
[debug] [2021-07-07T07:41:57.892Z] >>> [apiv2][body] POST https://upload-firebasehosting.googleapis.com/upload/sites/shoppingcart-7f922/versions/c028be59acb663df/files/919f0e3ac57d2cf8a6ba14149b9acfcacc9b41e2ad0c0c1e06c2b5e5be8e1950 [stream]
[debug] [2021-07-07T07:42:08.800Z] [uploadQueue] Retrying task 01e8e850c795fbcba4dac2ab55904bfd4a43ead3781192089c0439f5de47c26c
[debug] [2021-07-07T07:42:08.802Z] >>> [apiv2][query] POST https://upload-firebasehosting.googleapis.com/upload/sites/shoppingcart-7f922/versions/c028be59acb663df/files/01e8e850c795fbcba4dac2ab55904bfd4a43ead3781192089c0439f5de47c26c [none]
[debug] [2021-07-07T07:42:08.802Z] >>> [apiv2][body] POST https://upload-firebasehosting.googleapis.com/upload/sites/shoppingcart-7f922/versions/c028be59acb663df/files/01e8e850c795fbcba4dac2ab55904bfd4a43ead3781192089c0439f5de47c26c [stream]
[debug] [2021-07-07T07:42:09.439Z] [uploadQueue] Retrying task 0eb9b74c15e4f25f0436cbde9caae5ccf333b0e6f37050220e20a23a77e73e46
[debug] [2021-07-07T07:42:09.440Z] >>> [apiv2][query] POST https://upload-firebasehosting.googleapis.com/upload/sites/shoppingcart-7f922/versions/c028be59acb663df/files/0eb9b74c15e4f25f0436cbde9caae5ccf333b0e6f37050220e20a23a77e73e46 [none]
[debug] [2021-07-07T07:42:09.440Z] >>> [apiv2][body] POST https://upload-firebasehosting.googleapis.com/upload/sites/shoppingcart-7f922/versions/c028be59acb663df/files/0eb9b74c15e4f25f0436cbde9caae5ccf333b0e6f37050220e20a23a77e73e46 [stream]
[debug] [2021-07-07T07:42:10.321Z] [uploadQueue] Retrying task de5faaf6b6684786aa13014e0da02633a50c5130fd762f49d89979324ffffc62
[debug] [2021-07-07T07:42:10.322Z] >>> [apiv2][query] POST https://upload-firebasehosting.googleapis.com/upload/sites/shoppingcart-7f922/versions/c028be59acb663df/files/de5faaf6b6684786aa13014e0da02633a50c5130fd762f49d89979324ffffc62 [none]
[debug] [2021-07-07T07:42:10.322Z] >>> [apiv2][body] POST https://upload-firebasehosting.googleapis.com/upload/sites/shoppingcart-7f922/versions/c028be59acb663df/files/de5faaf6b6684786aa13014e0da02633a50c5130fd762f49d89979324ffffc62 [stream]
[debug] [2021-07-07T07:42:38.830Z] ----------------------------------------------------------------------
[debug] [2021-07-07T07:42:38.834Z] Command:       /usr/bin/node /usr/bin/firebase deploy
[debug] [2021-07-07T07:42:38.835Z] CLI Version:   9.14.0
[debug] [2021-07-07T07:42:38.835Z] Platform:      linux
[debug] [2021-07-07T07:42:38.835Z] Node Version:  v12.22.1
[debug] [2021-07-07T07:42:38.836Z] Time:          Wed Jul 07 2021 13:12:38 GMT+0530 (India Standard Time)
[debug] [2021-07-07T07:42:38.836Z] ----------------------------------------------------------------------
[debug] 
[debug] [2021-07-07T07:42:38.845Z] > command requires scopes: ["email","openid","https://www.googleapis.com/auth/cloudplatformprojects.readonly","https://www.googleapis.com/auth/firebase","https://www.googleapis.com/auth/cloud-platform"]
[debug] [2021-07-07T07:42:38.845Z] > authorizing via signed-in user (johnbabu021@gmail.com)
[debug] [2021-07-07T07:42:38.845Z] [iam] checking project shoppingcart-7f922 for permissions ["firebase.projects.get","firebasehosting.sites.update"]
[debug] [2021-07-07T07:42:38.848Z] > refreshing access token with scopes: ["email","https://www.googleapis.com/auth/cloud-platform","https://www.googleapis.com/auth/cloudplatformprojects.readonly","https://www.googleapis.com/auth/firebase","openid"]
[debug] [2021-07-07T07:42:38.848Z] >>> HTTP REQUEST POST https://www.googleapis.com/oauth2/v3/token  
 <request body omitted>
[debug] [2021-07-07T07:42:39.292Z] <<< HTTP RESPONSE 200 {"date":"Wed, 07 Jul 2021 07:42:39 GMT","pragma":"no-cache","cache-control":"no-cache, no-store, max-age=0, must-revalidate","expires":"Mon, 01 Jan 1990 00:00:00 GMT","content-type":"application/json; charset=utf-8","vary":"X-Origin, Referer, Origin,Accept-Encoding","server":"scaffolding on HTTPServer2","x-xss-protection":"0","x-frame-options":"SAMEORIGIN","x-content-type-options":"nosniff","alt-svc":"h3=\":443\"; ma=2592000,h3-29=\":443\"; ma=2592000,h3-T051=\":443\"; ma=2592000,h3-Q050=\":443\"; ma=2592000,h3-Q046=\":443\"; ma=2592000,h3-Q043=\":443\"; ma=2592000,quic=\":443\"; ma=2592000; v=\"46,43\"","accept-ranges":"none","transfer-encoding":"chunked"}
[debug] [2021-07-07T07:42:39.601Z] >>> HTTP REQUEST POST https://cloudresourcemanager.googleapis.com/v1/projects/shoppingcart-7f922:testIamPermissions  
 {"permissions":["firebase.projects.get","firebasehosting.sites.update"]}
[debug] [2021-07-07T07:42:40.988Z] <<< HTTP RESPONSE 200 {"content-type":"application/json; charset=UTF-8","vary":"X-Origin, Referer, Origin,Accept-Encoding","date":"Wed, 07 Jul 2021 07:42:40 GMT","server":"ESF","cache-control":"private","x-xss-protection":"0","x-frame-options":"SAMEORIGIN","x-content-type-options":"nosniff","server-timing":"gfet4t7; dur=1136","alt-svc":"h3=\":443\"; ma=2592000,h3-29=\":443\"; ma=2592000,h3-T051=\":443\"; ma=2592000,h3-Q050=\":443\"; ma=2592000,h3-Q046=\":443\"; ma=2592000,h3-Q043=\":443\"; ma=2592000,quic=\":443\"; ma=2592000; v=\"46,43\"","accept-ranges":"none","transfer-encoding":"chunked"}
[debug] [2021-07-07T07:42:40.991Z] > refreshing access token with scopes: []
[debug] [2021-07-07T07:42:40.992Z] >>> HTTP REQUEST POST https://www.googleapis.com/oauth2/v3/token  
 <request body omitted>
[debug] [2021-07-07T07:42:41.491Z] <<< HTTP RESPONSE 200 {"cache-control":"no-cache, no-store, max-age=0, must-revalidate","expires":"Mon, 01 Jan 1990 00:00:00 GMT","pragma":"no-cache","date":"Wed, 07 Jul 2021 07:42:41 GMT","content-type":"application/json; charset=utf-8","vary":"X-Origin, Referer, Origin,Accept-Encoding","server":"scaffolding on HTTPServer2","x-xss-protection":"0","x-frame-options":"SAMEORIGIN","x-content-type-options":"nosniff","alt-svc":"h3=\":443\"; ma=2592000,h3-29=\":443\"; ma=2592000,h3-T051=\":443\"; ma=2592000,h3-Q050=\":443\"; ma=2592000,h3-Q046=\":443\"; ma=2592000,h3-Q043=\":443\"; ma=2592000,quic=\":443\"; ma=2592000; v=\"46,43\"","accept-ranges":"none","transfer-encoding":"chunked"}
[debug] [2021-07-07T07:42:41.827Z] >>> [apiv2][query] GET https://firebase.googleapis.com/v1beta1/projects/shoppingcart-7f922 [none]
[debug] [2021-07-07T07:42:42.425Z] <<< [apiv2][status] GET https://firebase.googleapis.com/v1beta1/projects/shoppingcart-7f922 200
[debug] [2021-07-07T07:42:42.425Z] <<< [apiv2][body] GET https://firebase.googleapis.com/v1beta1/projects/shoppingcart-7f922 {"projectId":"shoppingcart-7f922","projectNumber":"852473201183","displayName":"shoppingcart","name":"projects/shoppingcart-7f922","resources":{"hostingSite":"shoppingcart-7f922","storageBucket":"shoppingcart-7f922.appspot.com","locationId":"us-west4"},"state":"ACTIVE"}
[info] 
[info] === Deploying to 'shoppingcart-7f922'...
[info] 
[info] i  deploying hosting 
[debug] [2021-07-07T07:42:42.430Z] > refreshing access token with scopes: ["email","https://www.googleapis.com/auth/cloud-platform","https://www.googleapis.com/auth/cloudplatformprojects.readonly","https://www.googleapis.com/auth/firebase","openid"]
[debug] [2021-07-07T07:42:42.431Z] >>> HTTP REQUEST POST https://www.googleapis.com/oauth2/v3/token  
 <request body omitted>
[debug] [2021-07-07T07:42:43.583Z] <<< HTTP RESPONSE 200 {"cache-control":"no-cache, no-store, max-age=0, must-revalidate","expires":"Mon, 01 Jan 1990 00:00:00 GMT","pragma":"no-cache","date":"Wed, 07 Jul 2021 07:42:43 GMT","content-type":"application/json; charset=utf-8","vary":"X-Origin, Referer, Origin,Accept-Encoding","server":"scaffolding on HTTPServer2","x-xss-protection":"0","x-frame-options":"SAMEORIGIN","x-content-type-options":"nosniff","alt-svc":"h3=\":443\"; ma=2592000,h3-29=\":443\"; ma=2592000,h3-T051=\":443\"; ma=2592000,h3-Q050=\":443\"; ma=2592000,h3-Q046=\":443\"; ma=2592000,h3-Q043=\":443\"; ma=2592000,quic=\":443\"; ma=2592000; v=\"46,43\"","accept-ranges":"none","transfer-encoding":"chunked"}
[debug] [2021-07-07T07:42:43.665Z] >>> HTTP REQUEST POST https://firebasehosting.googleapis.com/v1beta1/sites/shoppingcart-7f922/versions  
 {"config":{"rewrites":[{"glob":"**","path":"/index.html"}]},"labels":{"deployment-tool":"cli-firebase"}}
[debug] [2021-07-07T07:42:45.610Z] <<< HTTP RESPONSE 200 {"content-type":"application/json; charset=UTF-8","vary":"X-Origin, Referer, Origin,Accept-Encoding","date":"Wed, 07 Jul 2021 07:42:45 GMT","server":"ESF","cache-control":"private","x-xss-protection":"0","x-frame-options":"SAMEORIGIN","x-content-type-options":"nosniff","alt-svc":"h3=\":443\"; ma=2592000,h3-29=\":443\"; ma=2592000,h3-T051=\":443\"; ma=2592000,h3-Q050=\":443\"; ma=2592000,h3-Q046=\":443\"; ma=2592000,h3-Q043=\":443\"; ma=2592000,quic=\":443\"; ma=2592000; v=\"46,43\"","accept-ranges":"none","transfer-encoding":"chunked"}
[info] i  hosting[shoppingcart-7f922]: beginning deploy... 
[info] i  hosting[shoppingcart-7f922]: found 57 files in build 
[debug] [2021-07-07T07:42:45.667Z] > refreshing access token with scopes: []
[debug] [2021-07-07T07:42:45.668Z] >>> HTTP REQUEST POST https://www.googleapis.com/oauth2/v3/token  
 <request body omitted>
[debug] [2021-07-07T07:42:45.670Z] [hosting] hash cache [YnVpbGQ] stored for 57 files
[debug] [2021-07-07T07:42:45.671Z] [hosting][hash queue][FINAL] {"max":5,"min":0,"avg":0.8705601786139135,"active":0,"complete":57,"success":57,"errored":0,"retried":0,"total":57,"elapsed":11}
[debug] [2021-07-07T07:42:46.159Z] <<< HTTP RESPONSE 200 {"pragma":"no-cache","cache-control":"no-cache, no-store, max-age=0, must-revalidate","expires":"Mon, 01 Jan 1990 00:00:00 GMT","date":"Wed, 07 Jul 2021 07:42:46 GMT","content-type":"application/json; charset=utf-8","vary":"X-Origin, Referer, Origin,Accept-Encoding","server":"scaffolding on HTTPServer2","x-xss-protection":"0","x-frame-options":"SAMEORIGIN","x-content-type-options":"nosniff","alt-svc":"h3=\":443\"; ma=2592000,h3-29=\":443\"; ma=2592000,h3-T051=\":443\"; ma=2592000,h3-Q050=\":443\"; ma=2592000,h3-Q046=\":443\"; ma=2592000,h3-Q043=\":443\"; ma=2592000,quic=\":443\"; ma=2592000; v=\"46,43\"","accept-ranges":"none","transfer-encoding":"chunked"}
[debug] [2021-07-07T07:42:46.233Z] >>> [apiv2][query] POST https://firebasehosting.googleapis.com/v1beta1/sites/shoppingcart-7f922/versions/7d46d1a2c05ac491:populateFiles [none]
[debug] [2021-07-07T07:42:46.234Z] >>> [apiv2][body] POST https://firebasehosting.googleapis.com/v1beta1/sites/shoppingcart-7f922/versions/7d46d1a2c05ac491:populateFiles {"files":{"/asset-manifest.json":"19879f53ed84e413947e33cc1397f08fe2797b9bb79b52e7bbf89d633a86aeaf","/favicon.ico":"d4b1851e7c100b8f827594c8514b28702c8f597f17379ddb4a30c177a9424b11","/index.html":"44c0b7f850013e851d8170c84565ed8c657b4bdc5422fd6bac742c5a5e97b987","/manifest.json":"ed7b98046be74c7d1476b73ebb8cd1f00c2b34443af1525af60b9dd20be9fb9a","/robots.txt":"2544ca049f223a42bff01f72ad930a5edba75bbb7199d0f8430a02ff5aca16ec","/images/Tshirt.jpg":"01e8e850c795fbcba4dac2ab55904bfd4a43ead3781192089c0439f5de47c26c","/images/addtocart.jpg":"818f8fb12517044069b0a852b009a943be79fde9e26f26d1949a73c21bea1630","/images/aykut-aktas-Dy4-Fer7zwc-unsplash.jpg":"919f0e3ac57d2cf8a6ba14149b9acfcacc9b41e2ad0c0c1e06c2b5e5be8e1950","/images/churidhar.jpg":"c275d62c1446bf2bc0b92b8f8339d83a3ae71f84ca873a6cf4e34b1500184adc","/images/ezequiel-garrido-89qVy2tO0Kw-unsplash.jpg":"0eb9b74c15e4f25f0436cbde9caae5ccf333b0e6f37050220e20a23a77e73e46","/images/girls.jpeg":"8aef31ad9a3b8244136684df32eaae651774661521f3ee0bc0b27ad6aef837b0","/images/kurtha.jpg":"de5faaf6b6684786aa13014e0da02633a50c5130fd762f49d89979324ffffc62","/images/logo.png":"d4b1851e7c100b8f827594c8514b28702c8f597f17379ddb4a30c177a9424b11","/images/michael-dam-mEZ3PoFGs_k-unsplash.jpg":"c5795ed9b9092b986492870a8674a544c189db09cae44ed16ad6c64164b7ab7a","/images/model.jpg":"5305133938038a5669718a62d79824448823911f3de47473efda4ad485f3c5d7","/images/pant.jpg":"213084b21e8d748c107f4ce9038809ca3f40fc861ba6c04f31decbd5f08eeb57","/images/saree.jpg":"97f20e6ec297c2410bcc5916705aa37b37a8a8f75759467ab04ade5ba83b71ec","/images/shirt.jpg":"1b1009e25455da6c7fd01a725a5422792e42197ed28cbde54497e809cffe5243","/images/taylor-Xqb7GmV_VoQ-unsplash.jpg":"1a674baa1f3541e4f01ebf22748e79e6dbbb08852a9b20e355786aac9460ec6d","/static/css/10.d7ea87d7.chunk.css":"aae7304fda87d328162061825c523157ace3ca888329ade691c17a293241be54","/static/css/10.d7ea87d7.chunk.css.map":"fa12ae62413fa7c407b3bb67de070cd14299453d24d13d45f788a674095f1707","/static/css/5.a5b236b5.chunk.css":"5c10ffbb6a4f381173ab58a54ae2d4248d56aa111af962287e486e52ae68dcf6","/static/css/5.a5b236b5.chunk.css.map":"c19ee16bf3f7097f45897fc5f0037b22b0239c160a4fad17faa0f5f0a03370fa","/static/css/6.4f830b45.chunk.css":"d7b14b0ba8ed0ddfe2ec6d3d64e4d29c28c570c92498f5b4fe0f83dcacf3af38","/static/css/6.4f830b45.chunk.css.map":"49acaec7a761e6298b9a52c3b0d861d31c24f3c529bf62cfe0e7c9c75fba31dd","/static/css/7.d7ea87d7.chunk.css":"9b9469bdfc2e131a6e2ef265a256d18d322bc88242eeab294b5b5432fa4aeb15","/static/css/7.d7ea87d7.chunk.css.map":"e6394a279a686d5517ef41387ffe64bbdd1746c505d0be105880ee10473d076e","/static/css/8.d7ea87d7.chunk.css":"0e7c34c2f180095ea9eeaf9efeeb648fec233c5c1bd4f5df07ddff23b97765b9","/static/css/8.d7ea87d7.chunk.css.map":"ba6624fe515c03fd9d1f3ed1434903852d83ffb833f357536e9ea8aadce47e38","/static/css/9.d7ea87d7.chunk.css":"2b5dbb30b1cae4f2b4e778c59941a887f9ee0718221f4aa408e58357aa019428","/static/css/9.d7ea87d7.chunk.css.map":"a6c2d5b609fcdadf638154ac07ae176798a415a1f34c1d7ae57cdd1f8938023e","/static/css/main.51175a5b.chunk.css":"038ef47f66030f0bed810deb72d76efd59b11a28994abbee2c145c8744dee335","/static/css/main.51175a5b.chunk.css.map":"ff540a3384d9912745928424060bebc4a4aba20c44b048e0f2f9755992d3d5c2","/static/js/0.3f18f62c.chunk.js":"b1bad71a60fbb906f312f0ce0e49798a284de21f9351bc89402c59e599bcc3d9","/static/js/0.3f18f62c.chunk.js.LICENSE.txt":"62280567af86704c003f89e8c9d20db3b3db4ff77faaf97b1b48a22e3e7764c2","/static/js/0.3f18f62c.chunk.js.map":"90d1e0bc60cf9c6216fdb214870ebb90ee271835fdf9da6fdaccfb402f4dc268","/static/js/1.0d71828c.chunk.js":"3d2799d2244275e38ec127704fb1c00ea60a88b5485a4f81f61fdd8969a7c9fd","/static/js/1.0d71828c.chunk.js.map":"b4662dfabf149c77e7834d9f7fb18d85359555ad5453853aa0fd6b8aaf52be31","/static/js/10.cb78844d.chunk.js":"2dcb060e6a1e72308d833faddf18129746d44cfd36bd4c880f61adf72ace1167","/static/js/10.cb78844d.chunk.js.map":"55dc396b9f45a7c587ac58b6c418fdfaaf0849601de047224b36daeedbefbddb","/static/js/4.3fe5ae61.chunk.js":"cd54eeac27930ac65f7d930e7c3e73ad84ce02aa2acc28b5fe558c71c23831e5","/static/js/4.3fe5ae61.chunk.js.LICENSE.txt":"e6e41a5bafdd9892c5078e3ae4678f11fa7aef8b1f2455e21a38ba4a464c7c99","/static/js/4.3fe5ae61.chunk.js.map":"96aad3f4ad46a0007334f5e2bcb6fd7c1e452bf6f35539c187b6c8655636a196","/static/js/5.7a67d821.chunk.js":"89b306babcc3637ad913634c54811910c11ff7e7e26436b3296421edac88f0ae","/static/js/5.7a67d821.chunk.js.map":"f42304d3a8451f3b0c149b648827a7a516607b585bd564d0e5773deda1f8e8cf","/static/js/6.734ffa12.chunk.js":"66ff38605b85c65bac3d522969895d829bbf9bb3404b526793bc7d693dc2b7dd","/static/js/6.734ffa12.chunk.js.map":"c3005692b6fe465eb0c85440750e85e4fe576aaa88119b92e129635cf7ef1c96","/static/js/7.e42f6884.chunk.js":"1c117e48938c2d1ec79f5a5e5b70575b4cd3a209712607320fdbf84adb1e6b86","/static/js/7.e42f6884.chunk.js.map":"66ed72458c8c015b1e80b120d99008da0b0afb3b81d296daa6f04aad5a71b660","/static/js/8.399695f7.chunk.js":"bfc049887740165b4cf8791413e806a0b35bab050420e5eb6ba63fe83d3f5c80","/static/js/8.399695f7.chunk.js.map":"24f5fb99341402d78790acbc2aa6afd3e05f75ce2c2cf637d5d61dd6c87bc98f","/static/js/9.0a408eaa.chunk.js":"307b213d02d6afebeedc93f3cc26a8963d6878a4884e9ca1452c15e2c3874074","/static/js/9.0a408eaa.chunk.js.map":"5267e02cdcb96d90717b4dfb371021168ab8ed88c7b5e979829fee7cabffd6a0","/static/js/main.65792ace.chunk.js":"f318d072de432618bca3cdfa6a33f7d592f829c9d439735548eff1d2d7b71e7e","/static/js/main.65792ace.chunk.js.map":"a30fd890c8738cde5dc3afa6620fba7320e7cb443e848ec711c5a03448598417","/static/js/runtime-main.ad877764.js":"376f01a69c03b1d1abda721d2a5922093246a48622112a40fe9fdbbb7c9158d7","/static/js/runtime-main.ad877764.js.map":"b6ce76ef13818f78a703909d8e67b3594cced17ba79948f2f98c16766564b245"}}
[debug] [2021-07-07T07:42:48.075Z] <<< [apiv2][status] POST https://firebasehosting.googleapis.com/v1beta1/sites/shoppingcart-7f922/versions/7d46d1a2c05ac491:populateFiles 200
[debug] [2021-07-07T07:42:48.075Z] <<< [apiv2][body] POST https://firebasehosting.googleapis.com/v1beta1/sites/shoppingcart-7f922/versions/7d46d1a2c05ac491:populateFiles {"uploadRequiredHashes":["1a674baa1f3541e4f01ebf22748e79e6dbbb08852a9b20e355786aac9460ec6d","c5795ed9b9092b986492870a8674a544c189db09cae44ed16ad6c64164b7ab7a","97f20e6ec297c2410bcc5916705aa37b37a8a8f75759467ab04ade5ba83b71ec","213084b21e8d748c107f4ce9038809ca3f40fc861ba6c04f31decbd5f08eeb57","5305133938038a5669718a62d79824448823911f3de47473efda4ad485f3c5d7","919f0e3ac57d2cf8a6ba14149b9acfcacc9b41e2ad0c0c1e06c2b5e5be8e1950","01e8e850c795fbcba4dac2ab55904bfd4a43ead3781192089c0439f5de47c26c","0eb9b74c15e4f25f0436cbde9caae5ccf333b0e6f37050220e20a23a77e73e46","de5faaf6b6684786aa13014e0da02633a50c5130fd762f49d89979324ffffc62"],"uploadUrl":"https://upload-firebasehosting.googleapis.com/upload/sites/shoppingcart-7f922/versions/7d46d1a2c05ac491/files"}
[debug] [2021-07-07T07:42:48.081Z] >>> [apiv2][query] POST https://upload-firebasehosting.googleapis.com/upload/sites/shoppingcart-7f922/versions/7d46d1a2c05ac491/files/1a674baa1f3541e4f01ebf22748e79e6dbbb08852a9b20e355786aac9460ec6d [none]
[debug] [2021-07-07T07:42:48.081Z] >>> [apiv2][body] POST https://upload-firebasehosting.googleapis.com/upload/sites/shoppingcart-7f922/versions/7d46d1a2c05ac491/files/1a674baa1f3541e4f01ebf22748e79e6dbbb08852a9b20e355786aac9460ec6d [stream]
[debug] [2021-07-07T07:42:48.083Z] >>> [apiv2][query] POST https://upload-firebasehosting.googleapis.com/upload/sites/shoppingcart-7f922/versions/7d46d1a2c05ac491/files/c5795ed9b9092b986492870a8674a544c189db09cae44ed16ad6c64164b7ab7a [none]
[debug] [2021-07-07T07:42:48.084Z] >>> [apiv2][body] POST https://upload-firebasehosting.googleapis.com/upload/sites/shoppingcart-7f922/versions/7d46d1a2c05ac491/files/c5795ed9b9092b986492870a8674a544c189db09cae44ed16ad6c64164b7ab7a [stream]
[debug] [2021-07-07T07:42:48.085Z] >>> [apiv2][query] POST https://upload-firebasehosting.googleapis.com/upload/sites/shoppingcart-7f922/versions/7d46d1a2c05ac491/files/97f20e6ec297c2410bcc5916705aa37b37a8a8f75759467ab04ade5ba83b71ec [none]
[debug] [2021-07-07T07:42:48.085Z] >>> [apiv2][body] POST https://upload-firebasehosting.googleapis.com/upload/sites/shoppingcart-7f922/versions/7d46d1a2c05ac491/files/97f20e6ec297c2410bcc5916705aa37b37a8a8f75759467ab04ade5ba83b71ec [stream]
[debug] [2021-07-07T07:42:48.087Z] >>> [apiv2][query] POST https://upload-firebasehosting.googleapis.com/upload/sites/shoppingcart-7f922/versions/7d46d1a2c05ac491/files/213084b21e8d748c107f4ce9038809ca3f40fc861ba6c04f31decbd5f08eeb57 [none]
[debug] [2021-07-07T07:42:48.087Z] >>> [apiv2][body] POST https://upload-firebasehosting.googleapis.com/upload/sites/shoppingcart-7f922/versions/7d46d1a2c05ac491/files/213084b21e8d748c107f4ce9038809ca3f40fc861ba6c04f31decbd5f08eeb57 [stream]
[debug] [2021-07-07T07:42:48.088Z] >>> [apiv2][query] POST https://upload-firebasehosting.googleapis.com/upload/sites/shoppingcart-7f922/versions/7d46d1a2c05ac491/files/5305133938038a5669718a62d79824448823911f3de47473efda4ad485f3c5d7 [none]
[debug] [2021-07-07T07:42:48.088Z] >>> [apiv2][body] POST https://upload-firebasehosting.googleapis.com/upload/sites/shoppingcart-7f922/versions/7d46d1a2c05ac491/files/5305133938038a5669718a62d79824448823911f3de47473efda4ad485f3c5d7 [stream]
[debug] [2021-07-07T07:42:48.089Z] >>> [apiv2][query] POST https://upload-firebasehosting.googleapis.com/upload/sites/shoppingcart-7f922/versions/7d46d1a2c05ac491/files/919f0e3ac57d2cf8a6ba14149b9acfcacc9b41e2ad0c0c1e06c2b5e5be8e1950 [none]
[debug] [2021-07-07T07:42:48.089Z] >>> [apiv2][body] POST https://upload-firebasehosting.googleapis.com/upload/sites/shoppingcart-7f922/versions/7d46d1a2c05ac491/files/919f0e3ac57d2cf8a6ba14149b9acfcacc9b41e2ad0c0c1e06c2b5e5be8e1950 [stream]
[debug] [2021-07-07T07:42:48.091Z] >>> [apiv2][query] POST https://upload-firebasehosting.googleapis.com/upload/sites/shoppingcart-7f922/versions/7d46d1a2c05ac491/files/01e8e850c795fbcba4dac2ab55904bfd4a43ead3781192089c0439f5de47c26c [none]
[debug] [2021-07-07T07:42:48.091Z] >>> [apiv2][body] POST https://upload-firebasehosting.googleapis.com/upload/sites/shoppingcart-7f922/versions/7d46d1a2c05ac491/files/01e8e850c795fbcba4dac2ab55904bfd4a43ead3781192089c0439f5de47c26c [stream]
[debug] [2021-07-07T07:42:48.092Z] >>> [apiv2][query] POST https://upload-firebasehosting.googleapis.com/upload/sites/shoppingcart-7f922/versions/7d46d1a2c05ac491/files/0eb9b74c15e4f25f0436cbde9caae5ccf333b0e6f37050220e20a23a77e73e46 [none]
[debug] [2021-07-07T07:42:48.092Z] >>> [apiv2][body] POST https://upload-firebasehosting.googleapis.com/upload/sites/shoppingcart-7f922/versions/7d46d1a2c05ac491/files/0eb9b74c15e4f25f0436cbde9caae5ccf333b0e6f37050220e20a23a77e73e46 [stream]
[debug] [2021-07-07T07:42:48.097Z] >>> [apiv2][query] POST https://upload-firebasehosting.googleapis.com/upload/sites/shoppingcart-7f922/versions/7d46d1a2c05ac491/files/de5faaf6b6684786aa13014e0da02633a50c5130fd762f49d89979324ffffc62 [none]
[debug] [2021-07-07T07:42:48.097Z] >>> [apiv2][body] POST https://upload-firebasehosting.googleapis.com/upload/sites/shoppingcart-7f922/versions/7d46d1a2c05ac491/files/de5faaf6b6684786aa13014e0da02633a50c5130fd762f49d89979324ffffc62 [stream]
[debug] [2021-07-07T07:42:48.098Z] [hosting][populate queue][FINAL] {"max":2414,"min":2414,"avg":2414,"active":0,"complete":1,"success":1,"errored":0,"retried":0,"total":1,"elapsed":2431}
[debug] [2021-07-07T07:42:48.099Z] [hosting] uploads queued: 9
